[2017-06-24 06:48:35] local.ERROR: exception 'ErrorException' with message 'file_put_contents(/Library/WebServer/Documents/learninglocker/app/storage/views/9bb12cf37faf5a33e8e10f9e0fba692a): failed to open stream: Permission denied' in /Library/WebServer/Documents/learninglocker/vendor/laravel/framework/src/Illuminate/Filesystem/Filesystem.php:70
Stack trace:
#0 [internal function]: Illuminate\Exception\Handler->handleError(2, 'file_put_conten...', '/Library/WebSer...', 70, Array)
#1 /Library/WebServer/Documents/learninglocker/vendor/laravel/framework/src/Illuminate/Filesystem/Filesystem.php(70): file_put_contents('/Library/WebSer...', '<?php $__env->s...', 0)
#2 /Library/WebServer/Documents/learninglocker/vendor/laravel/framework/src/Illuminate/View/Compilers/BladeCompiler.php(80): Illuminate\Filesystem\Filesystem->put('/Library/WebSer...', '<?php $__env->s...')
#3 /Library/WebServer/Documents/learninglocker/vendor/laravel/framework/src/Illuminate/View/Engines/CompilerEngine.php(49): Illuminate\View\Compilers\BladeCompiler->compile('/Library/WebSer...')
#4 /Library/WebServer/Documents/learninglocker/vendor/laravel/framework/src/Illuminate/View/View.php(140): Illuminate\View\Engines\CompilerEngine->get('/Library/WebSer...', Array)
#5 /Library/WebServer/Documents/learninglocker/vendor/laravel/framework/src/Illuminate/View/View.php(109): Illuminate\View\View->getContents()
#6 /Library/WebServer/Documents/learninglocker/vendor/laravel/framework/src/Illuminate/View/View.php(78): Illuminate\View\View->renderContents()
#7 /Library/WebServer/Documents/learninglocker/vendor/laravel/framework/src/Illuminate/Http/Response.php(43): Illuminate\View\View->render()
#8 /Library/WebServer/Documents/learninglocker/vendor/symfony/http-foundation/Response.php(202): Illuminate\Http\Response->setContent(Object(Illuminate\View\View))
#9 /Library/WebServer/Documents/learninglocker/vendor/laravel/framework/src/Illuminate/Routing/Router.php(1501): Symfony\Component\HttpFoundation\Response->__construct(Object(Illuminate\View\View))
#10 /Library/WebServer/Documents/learninglocker/vendor/laravel/framework/src/Illuminate/Routing/Router.php(1036): Illuminate\Routing\Router->prepareResponse(Object(Illuminate\Http\Request), Object(Illuminate\View\View))
#11 /Library/WebServer/Documents/learninglocker/vendor/laravel/framework/src/Illuminate/Routing/Router.php(1001): Illuminate\Routing\Router->dispatchToRoute(Object(Illuminate\Http\Request))
#12 /Library/WebServer/Documents/learninglocker/vendor/laravel/framework/src/Illuminate/Foundation/Application.php(781): Illuminate\Routing\Router->dispatch(Object(Illuminate\Http\Request))
#13 /Library/WebServer/Documents/learninglocker/vendor/laravel/framework/src/Illuminate/Foundation/Application.php(745): Illuminate\Foundation\Application->dispatch(Object(Illuminate\Http\Request))
#14 /Library/WebServer/Documents/learninglocker/vendor/itsgoingd/clockwork/Clockwork/Support/Laravel/ClockworkLegacyMiddleware.php(20): Illuminate\Foundation\Application->handle(Object(Illuminate\Http\Request), 1, true)
#15 /Library/WebServer/Documents/learninglocker/vendor/laravel/framework/src/Illuminate/Session/Middleware.php(72): Clockwork\Support\Laravel\ClockworkLegacyMiddleware->handle(Object(Illuminate\Http\Request), 1, true)
#16 /Library/WebServer/Documents/learninglocker/vendor/laravel/framework/src/Illuminate/Cookie/Queue.php(47): Illuminate\Session\Middleware->handle(Object(Illuminate\Http\Request), 1, true)
#17 /Library/WebServer/Documents/learninglocker/vendor/laravel/framework/src/Illuminate/Cookie/Guard.php(51): Illuminate\Cookie\Queue->handle(Object(Illuminate\Http\Request), 1, true)
#18 /Library/WebServer/Documents/learninglocker/vendor/stack/builder/src/Stack/StackedHttpKernel.php(23): Illuminate\Cookie\Guard->handle(Object(Illuminate\Http\Request), 1, true)
#19 /Library/WebServer/Documents/learninglocker/vendor/laravel/framework/src/Illuminate/Foundation/Application.php(641): Stack\StackedHttpKernel->handle(Object(Illuminate\Http\Request))
#20 /Library/WebServer/Documents/learninglocker/public/index.php(49): Illuminate\Foundation\Application->run()
#21 {main} [] []
[2017-06-24 06:48:35] local.ERROR: exception 'ErrorException' with message 'file_put_contents(/Library/WebServer/Documents/learninglocker/app/storage/views/9bb12cf37faf5a33e8e10f9e0fba692a): failed to open stream: Permission denied' in /Library/WebServer/Documents/learninglocker/vendor/laravel/framework/src/Illuminate/Filesystem/Filesystem.php:70
Stack trace:
#0 [internal function]: Illuminate\Exception\Handler->handleError(2, 'file_put_conten...', '/Library/WebSer...', 70, Array)
#1 /Library/WebServer/Documents/learninglocker/vendor/laravel/framework/src/Illuminate/Filesystem/Filesystem.php(70): file_put_contents('/Library/WebSer...', '<?php $__env->s...', 0)
#2 /Library/WebServer/Documents/learninglocker/vendor/laravel/framework/src/Illuminate/View/Compilers/BladeCompiler.php(80): Illuminate\Filesystem\Filesystem->put('/Library/WebSer...', '<?php $__env->s...')
#3 /Library/WebServer/Documents/learninglocker/vendor/laravel/framework/src/Illuminate/View/Engines/CompilerEngine.php(49): Illuminate\View\Compilers\BladeCompiler->compile('/Library/WebSer...')
#4 /Library/WebServer/Documents/learninglocker/vendor/laravel/framework/src/Illuminate/View/View.php(140): Illuminate\View\Engines\CompilerEngine->get('/Library/WebSer...', Array)
#5 /Library/WebServer/Documents/learninglocker/vendor/laravel/framework/src/Illuminate/View/View.php(109): Illuminate\View\View->getContents()
#6 /Library/WebServer/Documents/learninglocker/vendor/laravel/framework/src/Illuminate/View/View.php(78): Illuminate\View\View->renderContents()
#7 /Library/WebServer/Documents/learninglocker/vendor/laravel/framework/src/Illuminate/Http/Response.php(43): Illuminate\View\View->render()
#8 /Library/WebServer/Documents/learninglocker/vendor/symfony/http-foundation/Response.php(202): Illuminate\Http\Response->setContent(Object(Illuminate\View\View))
#9 /Library/WebServer/Documents/learninglocker/vendor/laravel/framework/src/Illuminate/Routing/Router.php(1501): Symfony\Component\HttpFoundation\Response->__construct(Object(Illuminate\View\View))
#10 /Library/WebServer/Documents/learninglocker/vendor/laravel/framework/src/Illuminate/Routing/Router.php(1036): Illuminate\Routing\Router->prepareResponse(Object(Illuminate\Http\Request), Object(Illuminate\View\View))
#11 /Library/WebServer/Documents/learninglocker/vendor/laravel/framework/src/Illuminate/Routing/Router.php(1001): Illuminate\Routing\Router->dispatchToRoute(Object(Illuminate\Http\Request))
#12 /Library/WebServer/Documents/learninglocker/vendor/laravel/framework/src/Illuminate/Foundation/Application.php(781): Illuminate\Routing\Router->dispatch(Object(Illuminate\Http\Request))
#13 /Library/WebServer/Documents/learninglocker/vendor/laravel/framework/src/Illuminate/Foundation/Application.php(745): Illuminate\Foundation\Application->dispatch(Object(Illuminate\Http\Request))
#14 /Library/WebServer/Documents/learninglocker/vendor/itsgoingd/clockwork/Clockwork/Support/Laravel/ClockworkLegacyMiddleware.php(20): Illuminate\Foundation\Application->handle(Object(Illuminate\Http\Request), 1, true)
#15 /Library/WebServer/Documents/learninglocker/vendor/laravel/framework/src/Illuminate/Session/Middleware.php(72): Clockwork\Support\Laravel\ClockworkLegacyMiddleware->handle(Object(Illuminate\Http\Request), 1, true)
#16 /Library/WebServer/Documents/learninglocker/vendor/laravel/framework/src/Illuminate/Cookie/Queue.php(47): Illuminate\Session\Middleware->handle(Object(Illuminate\Http\Request), 1, true)
#17 /Library/WebServer/Documents/learninglocker/vendor/laravel/framework/src/Illuminate/Cookie/Guard.php(51): Illuminate\Cookie\Queue->handle(Object(Illuminate\Http\Request), 1, true)
#18 /Library/WebServer/Documents/learninglocker/vendor/stack/builder/src/Stack/StackedHttpKernel.php(23): Illuminate\Cookie\Guard->handle(Object(Illuminate\Http\Request), 1, true)
#19 /Library/WebServer/Documents/learninglocker/vendor/laravel/framework/src/Illuminate/Foundation/Application.php(641): Stack\StackedHttpKernel->handle(Object(Illuminate\Http\Request))
#20 /Library/WebServer/Documents/learninglocker/public/index.php(49): Illuminate\Foundation\Application->run()
#21 {main} [] []
[2017-06-24 06:50:56] local.ERROR: exception 'InvalidArgumentException' with message 'Command "install" is not defined.

Did you mean this?
    migrate:install' in /Library/WebServer/Documents/learninglocker/vendor/symfony/console/Application.php:518
Stack trace:
#0 /Library/WebServer/Documents/learninglocker/vendor/symfony/console/Application.php(186): Symfony\Component\Console\Application->find('install')
#1 /Library/WebServer/Documents/learninglocker/vendor/symfony/console/Application.php(120): Symfony\Component\Console\Application->doRun(Object(Symfony\Component\Console\Input\ArgvInput), Object(Symfony\Component\Console\Output\ConsoleOutput))
#2 /Library/WebServer/Documents/learninglocker/artisan(59): Symfony\Component\Console\Application->run()
#3 {main} [] []
[2017-06-24 06:50:56] local.ERROR: exception 'InvalidArgumentException' with message 'Command "install" is not defined.

Did you mean this?
    migrate:install' in /Library/WebServer/Documents/learninglocker/vendor/symfony/console/Application.php:518
Stack trace:
#0 /Library/WebServer/Documents/learninglocker/vendor/symfony/console/Application.php(186): Symfony\Component\Console\Application->find('install')
#1 /Library/WebServer/Documents/learninglocker/vendor/symfony/console/Application.php(120): Symfony\Component\Console\Application->doRun(Object(Symfony\Component\Console\Input\ArgvInput), Object(Symfony\Component\Console\Output\ConsoleOutput))
#2 /Library/WebServer/Documents/learninglocker/artisan(59): Symfony\Component\Console\Application->run()
#3 {main} [] []
[2017-06-24 06:53:01] local.ERROR: exception 'ErrorException' with message 'file_put_contents(/Library/WebServer/Documents/learninglocker/app/storage/views/9bb12cf37faf5a33e8e10f9e0fba692a): failed to open stream: Permission denied' in /Library/WebServer/Documents/learninglocker/vendor/laravel/framework/src/Illuminate/Filesystem/Filesystem.php:70
Stack trace:
#0 [internal function]: Illuminate\Exception\Handler->handleError(2, 'file_put_conten...', '/Library/WebSer...', 70, Array)
#1 /Library/WebServer/Documents/learninglocker/vendor/laravel/framework/src/Illuminate/Filesystem/Filesystem.php(70): file_put_contents('/Library/WebSer...', '<?php $__env->s...', 0)
#2 /Library/WebServer/Documents/learninglocker/vendor/laravel/framework/src/Illuminate/View/Compilers/BladeCompiler.php(80): Illuminate\Filesystem\Filesystem->put('/Library/WebSer...', '<?php $__env->s...')
#3 /Library/WebServer/Documents/learninglocker/vendor/laravel/framework/src/Illuminate/View/Engines/CompilerEngine.php(49): Illuminate\View\Compilers\BladeCompiler->compile('/Library/WebSer...')
#4 /Library/WebServer/Documents/learninglocker/vendor/laravel/framework/src/Illuminate/View/View.php(140): Illuminate\View\Engines\CompilerEngine->get('/Library/WebSer...', Array)
#5 /Library/WebServer/Documents/learninglocker/vendor/laravel/framework/src/Illuminate/View/View.php(109): Illuminate\View\View->getContents()
#6 /Library/WebServer/Documents/learninglocker/vendor/laravel/framework/src/Illuminate/View/View.php(78): Illuminate\View\View->renderContents()
#7 /Library/WebServer/Documents/learninglocker/vendor/laravel/framework/src/Illuminate/Http/Response.php(43): Illuminate\View\View->render()
#8 /Library/WebServer/Documents/learninglocker/vendor/symfony/http-foundation/Response.php(202): Illuminate\Http\Response->setContent(Object(Illuminate\View\View))
#9 /Library/WebServer/Documents/learninglocker/vendor/laravel/framework/src/Illuminate/Routing/Router.php(1501): Symfony\Component\HttpFoundation\Response->__construct(Object(Illuminate\View\View))
#10 /Library/WebServer/Documents/learninglocker/vendor/laravel/framework/src/Illuminate/Routing/Router.php(1036): Illuminate\Routing\Router->prepareResponse(Object(Illuminate\Http\Request), Object(Illuminate\View\View))
#11 /Library/WebServer/Documents/learninglocker/vendor/laravel/framework/src/Illuminate/Routing/Router.php(1001): Illuminate\Routing\Router->dispatchToRoute(Object(Illuminate\Http\Request))
#12 /Library/WebServer/Documents/learninglocker/vendor/laravel/framework/src/Illuminate/Foundation/Application.php(781): Illuminate\Routing\Router->dispatch(Object(Illuminate\Http\Request))
#13 /Library/WebServer/Documents/learninglocker/vendor/laravel/framework/src/Illuminate/Foundation/Application.php(745): Illuminate\Foundation\Application->dispatch(Object(Illuminate\Http\Request))
#14 /Library/WebServer/Documents/learninglocker/vendor/itsgoingd/clockwork/Clockwork/Support/Laravel/ClockworkLegacyMiddleware.php(20): Illuminate\Foundation\Application->handle(Object(Illuminate\Http\Request), 1, true)
#15 /Library/WebServer/Documents/learninglocker/vendor/laravel/framework/src/Illuminate/Session/Middleware.php(72): Clockwork\Support\Laravel\ClockworkLegacyMiddleware->handle(Object(Illuminate\Http\Request), 1, true)
#16 /Library/WebServer/Documents/learninglocker/vendor/laravel/framework/src/Illuminate/Cookie/Queue.php(47): Illuminate\Session\Middleware->handle(Object(Illuminate\Http\Request), 1, true)
#17 /Library/WebServer/Documents/learninglocker/vendor/laravel/framework/src/Illuminate/Cookie/Guard.php(51): Illuminate\Cookie\Queue->handle(Object(Illuminate\Http\Request), 1, true)
#18 /Library/WebServer/Documents/learninglocker/vendor/stack/builder/src/Stack/StackedHttpKernel.php(23): Illuminate\Cookie\Guard->handle(Object(Illuminate\Http\Request), 1, true)
#19 /Library/WebServer/Documents/learninglocker/vendor/laravel/framework/src/Illuminate/Foundation/Application.php(641): Stack\StackedHttpKernel->handle(Object(Illuminate\Http\Request))
#20 /Library/WebServer/Documents/learninglocker/public/index.php(49): Illuminate\Foundation\Application->run()
#21 {main} [] []
[2017-06-24 06:53:01] local.ERROR: exception 'ErrorException' with message 'file_put_contents(/Library/WebServer/Documents/learninglocker/app/storage/views/9bb12cf37faf5a33e8e10f9e0fba692a): failed to open stream: Permission denied' in /Library/WebServer/Documents/learninglocker/vendor/laravel/framework/src/Illuminate/Filesystem/Filesystem.php:70
Stack trace:
#0 [internal function]: Illuminate\Exception\Handler->handleError(2, 'file_put_conten...', '/Library/WebSer...', 70, Array)
#1 /Library/WebServer/Documents/learninglocker/vendor/laravel/framework/src/Illuminate/Filesystem/Filesystem.php(70): file_put_contents('/Library/WebSer...', '<?php $__env->s...', 0)
#2 /Library/WebServer/Documents/learninglocker/vendor/laravel/framework/src/Illuminate/View/Compilers/BladeCompiler.php(80): Illuminate\Filesystem\Filesystem->put('/Library/WebSer...', '<?php $__env->s...')
#3 /Library/WebServer/Documents/learninglocker/vendor/laravel/framework/src/Illuminate/View/Engines/CompilerEngine.php(49): Illuminate\View\Compilers\BladeCompiler->compile('/Library/WebSer...')
#4 /Library/WebServer/Documents/learninglocker/vendor/laravel/framework/src/Illuminate/View/View.php(140): Illuminate\View\Engines\CompilerEngine->get('/Library/WebSer...', Array)
#5 /Library/WebServer/Documents/learninglocker/vendor/laravel/framework/src/Illuminate/View/View.php(109): Illuminate\View\View->getContents()
#6 /Library/WebServer/Documents/learninglocker/vendor/laravel/framework/src/Illuminate/View/View.php(78): Illuminate\View\View->renderContents()
#7 /Library/WebServer/Documents/learninglocker/vendor/laravel/framework/src/Illuminate/Http/Response.php(43): Illuminate\View\View->render()
#8 /Library/WebServer/Documents/learninglocker/vendor/symfony/http-foundation/Response.php(202): Illuminate\Http\Response->setContent(Object(Illuminate\View\View))
#9 /Library/WebServer/Documents/learninglocker/vendor/laravel/framework/src/Illuminate/Routing/Router.php(1501): Symfony\Component\HttpFoundation\Response->__construct(Object(Illuminate\View\View))
#10 /Library/WebServer/Documents/learninglocker/vendor/laravel/framework/src/Illuminate/Routing/Router.php(1036): Illuminate\Routing\Router->prepareResponse(Object(Illuminate\Http\Request), Object(Illuminate\View\View))
#11 /Library/WebServer/Documents/learninglocker/vendor/laravel/framework/src/Illuminate/Routing/Router.php(1001): Illuminate\Routing\Router->dispatchToRoute(Object(Illuminate\Http\Request))
#12 /Library/WebServer/Documents/learninglocker/vendor/laravel/framework/src/Illuminate/Foundation/Application.php(781): Illuminate\Routing\Router->dispatch(Object(Illuminate\Http\Request))
#13 /Library/WebServer/Documents/learninglocker/vendor/laravel/framework/src/Illuminate/Foundation/Application.php(745): Illuminate\Foundation\Application->dispatch(Object(Illuminate\Http\Request))
#14 /Library/WebServer/Documents/learninglocker/vendor/itsgoingd/clockwork/Clockwork/Support/Laravel/ClockworkLegacyMiddleware.php(20): Illuminate\Foundation\Application->handle(Object(Illuminate\Http\Request), 1, true)
#15 /Library/WebServer/Documents/learninglocker/vendor/laravel/framework/src/Illuminate/Session/Middleware.php(72): Clockwork\Support\Laravel\ClockworkLegacyMiddleware->handle(Object(Illuminate\Http\Request), 1, true)
#16 /Library/WebServer/Documents/learninglocker/vendor/laravel/framework/src/Illuminate/Cookie/Queue.php(47): Illuminate\Session\Middleware->handle(Object(Illuminate\Http\Request), 1, true)
#17 /Library/WebServer/Documents/learninglocker/vendor/laravel/framework/src/Illuminate/Cookie/Guard.php(51): Illuminate\Cookie\Queue->handle(Object(Illuminate\Http\Request), 1, true)
#18 /Library/WebServer/Documents/learninglocker/vendor/stack/builder/src/Stack/StackedHttpKernel.php(23): Illuminate\Cookie\Guard->handle(Object(Illuminate\Http\Request), 1, true)
#19 /Library/WebServer/Documents/learninglocker/vendor/laravel/framework/src/Illuminate/Foundation/Application.php(641): Stack\StackedHttpKernel->handle(Object(Illuminate\Http\Request))
#20 /Library/WebServer/Documents/learninglocker/public/index.php(49): Illuminate\Foundation\Application->run()
#21 {main} [] []
[2017-06-24 06:53:06] local.ERROR: exception 'ErrorException' with message 'file_put_contents(/Library/WebServer/Documents/learninglocker/app/storage/views/9bb12cf37faf5a33e8e10f9e0fba692a): failed to open stream: Permission denied' in /Library/WebServer/Documents/learninglocker/vendor/laravel/framework/src/Illuminate/Filesystem/Filesystem.php:70
Stack trace:
#0 [internal function]: Illuminate\Exception\Handler->handleError(2, 'file_put_conten...', '/Library/WebSer...', 70, Array)
#1 /Library/WebServer/Documents/learninglocker/vendor/laravel/framework/src/Illuminate/Filesystem/Filesystem.php(70): file_put_contents('/Library/WebSer...', '<?php $__env->s...', 0)
#2 /Library/WebServer/Documents/learninglocker/vendor/laravel/framework/src/Illuminate/View/Compilers/BladeCompiler.php(80): Illuminate\Filesystem\Filesystem->put('/Library/WebSer...', '<?php $__env->s...')
#3 /Library/WebServer/Documents/learninglocker/vendor/laravel/framework/src/Illuminate/View/Engines/CompilerEngine.php(49): Illuminate\View\Compilers\BladeCompiler->compile('/Library/WebSer...')
#4 /Library/WebServer/Documents/learninglocker/vendor/laravel/framework/src/Illuminate/View/View.php(140): Illuminate\View\Engines\CompilerEngine->get('/Library/WebSer...', Array)
#5 /Library/WebServer/Documents/learninglocker/vendor/laravel/framework/src/Illuminate/View/View.php(109): Illuminate\View\View->getContents()
#6 /Library/WebServer/Documents/learninglocker/vendor/laravel/framework/src/Illuminate/View/View.php(78): Illuminate\View\View->renderContents()
#7 /Library/WebServer/Documents/learninglocker/vendor/laravel/framework/src/Illuminate/Http/Response.php(43): Illuminate\View\View->render()
#8 /Library/WebServer/Documents/learninglocker/vendor/symfony/http-foundation/Response.php(202): Illuminate\Http\Response->setContent(Object(Illuminate\View\View))
#9 /Library/WebServer/Documents/learninglocker/vendor/laravel/framework/src/Illuminate/Routing/Router.php(1501): Symfony\Component\HttpFoundation\Response->__construct(Object(Illuminate\View\View))
#10 /Library/WebServer/Documents/learninglocker/vendor/laravel/framework/src/Illuminate/Routing/Router.php(1036): Illuminate\Routing\Router->prepareResponse(Object(Illuminate\Http\Request), Object(Illuminate\View\View))
#11 /Library/WebServer/Documents/learninglocker/vendor/laravel/framework/src/Illuminate/Routing/Router.php(1001): Illuminate\Routing\Router->dispatchToRoute(Object(Illuminate\Http\Request))
#12 /Library/WebServer/Documents/learninglocker/vendor/laravel/framework/src/Illuminate/Foundation/Application.php(781): Illuminate\Routing\Router->dispatch(Object(Illuminate\Http\Request))
#13 /Library/WebServer/Documents/learninglocker/vendor/laravel/framework/src/Illuminate/Foundation/Application.php(745): Illuminate\Foundation\Application->dispatch(Object(Illuminate\Http\Request))
#14 /Library/WebServer/Documents/learninglocker/vendor/itsgoingd/clockwork/Clockwork/Support/Laravel/ClockworkLegacyMiddleware.php(20): Illuminate\Foundation\Application->handle(Object(Illuminate\Http\Request), 1, true)
#15 /Library/WebServer/Documents/learninglocker/vendor/laravel/framework/src/Illuminate/Session/Middleware.php(72): Clockwork\Support\Laravel\ClockworkLegacyMiddleware->handle(Object(Illuminate\Http\Request), 1, true)
#16 /Library/WebServer/Documents/learninglocker/vendor/laravel/framework/src/Illuminate/Cookie/Queue.php(47): Illuminate\Session\Middleware->handle(Object(Illuminate\Http\Request), 1, true)
#17 /Library/WebServer/Documents/learninglocker/vendor/laravel/framework/src/Illuminate/Cookie/Guard.php(51): Illuminate\Cookie\Queue->handle(Object(Illuminate\Http\Request), 1, true)
#18 /Library/WebServer/Documents/learninglocker/vendor/stack/builder/src/Stack/StackedHttpKernel.php(23): Illuminate\Cookie\Guard->handle(Object(Illuminate\Http\Request), 1, true)
#19 /Library/WebServer/Documents/learninglocker/vendor/laravel/framework/src/Illuminate/Foundation/Application.php(641): Stack\StackedHttpKernel->handle(Object(Illuminate\Http\Request))
#20 /Library/WebServer/Documents/learninglocker/public/index.php(49): Illuminate\Foundation\Application->run()
#21 {main} [] []
[2017-06-24 06:53:06] local.ERROR: exception 'ErrorException' with message 'file_put_contents(/Library/WebServer/Documents/learninglocker/app/storage/views/9bb12cf37faf5a33e8e10f9e0fba692a): failed to open stream: Permission denied' in /Library/WebServer/Documents/learninglocker/vendor/laravel/framework/src/Illuminate/Filesystem/Filesystem.php:70
Stack trace:
#0 [internal function]: Illuminate\Exception\Handler->handleError(2, 'file_put_conten...', '/Library/WebSer...', 70, Array)
#1 /Library/WebServer/Documents/learninglocker/vendor/laravel/framework/src/Illuminate/Filesystem/Filesystem.php(70): file_put_contents('/Library/WebSer...', '<?php $__env->s...', 0)
#2 /Library/WebServer/Documents/learninglocker/vendor/laravel/framework/src/Illuminate/View/Compilers/BladeCompiler.php(80): Illuminate\Filesystem\Filesystem->put('/Library/WebSer...', '<?php $__env->s...')
#3 /Library/WebServer/Documents/learninglocker/vendor/laravel/framework/src/Illuminate/View/Engines/CompilerEngine.php(49): Illuminate\View\Compilers\BladeCompiler->compile('/Library/WebSer...')
#4 /Library/WebServer/Documents/learninglocker/vendor/laravel/framework/src/Illuminate/View/View.php(140): Illuminate\View\Engines\CompilerEngine->get('/Library/WebSer...', Array)
#5 /Library/WebServer/Documents/learninglocker/vendor/laravel/framework/src/Illuminate/View/View.php(109): Illuminate\View\View->getContents()
#6 /Library/WebServer/Documents/learninglocker/vendor/laravel/framework/src/Illuminate/View/View.php(78): Illuminate\View\View->renderContents()
#7 /Library/WebServer/Documents/learninglocker/vendor/laravel/framework/src/Illuminate/Http/Response.php(43): Illuminate\View\View->render()
#8 /Library/WebServer/Documents/learninglocker/vendor/symfony/http-foundation/Response.php(202): Illuminate\Http\Response->setContent(Object(Illuminate\View\View))
#9 /Library/WebServer/Documents/learninglocker/vendor/laravel/framework/src/Illuminate/Routing/Router.php(1501): Symfony\Component\HttpFoundation\Response->__construct(Object(Illuminate\View\View))
#10 /Library/WebServer/Documents/learninglocker/vendor/laravel/framework/src/Illuminate/Routing/Router.php(1036): Illuminate\Routing\Router->prepareResponse(Object(Illuminate\Http\Request), Object(Illuminate\View\View))
#11 /Library/WebServer/Documents/learninglocker/vendor/laravel/framework/src/Illuminate/Routing/Router.php(1001): Illuminate\Routing\Router->dispatchToRoute(Object(Illuminate\Http\Request))
#12 /Library/WebServer/Documents/learninglocker/vendor/laravel/framework/src/Illuminate/Foundation/Application.php(781): Illuminate\Routing\Router->dispatch(Object(Illuminate\Http\Request))
#13 /Library/WebServer/Documents/learninglocker/vendor/laravel/framework/src/Illuminate/Foundation/Application.php(745): Illuminate\Foundation\Application->dispatch(Object(Illuminate\Http\Request))
#14 /Library/WebServer/Documents/learninglocker/vendor/itsgoingd/clockwork/Clockwork/Support/Laravel/ClockworkLegacyMiddleware.php(20): Illuminate\Foundation\Application->handle(Object(Illuminate\Http\Request), 1, true)
#15 /Library/WebServer/Documents/learninglocker/vendor/laravel/framework/src/Illuminate/Session/Middleware.php(72): Clockwork\Support\Laravel\ClockworkLegacyMiddleware->handle(Object(Illuminate\Http\Request), 1, true)
#16 /Library/WebServer/Documents/learninglocker/vendor/laravel/framework/src/Illuminate/Cookie/Queue.php(47): Illuminate\Session\Middleware->handle(Object(Illuminate\Http\Request), 1, true)
#17 /Library/WebServer/Documents/learninglocker/vendor/laravel/framework/src/Illuminate/Cookie/Guard.php(51): Illuminate\Cookie\Queue->handle(Object(Illuminate\Http\Request), 1, true)
#18 /Library/WebServer/Documents/learninglocker/vendor/stack/builder/src/Stack/StackedHttpKernel.php(23): Illuminate\Cookie\Guard->handle(Object(Illuminate\Http\Request), 1, true)
#19 /Library/WebServer/Documents/learninglocker/vendor/laravel/framework/src/Illuminate/Foundation/Application.php(641): Stack\StackedHttpKernel->handle(Object(Illuminate\Http\Request))
#20 /Library/WebServer/Documents/learninglocker/public/index.php(49): Illuminate\Foundation\Application->run()
#21 {main} [] []
[2017-06-24 06:53:08] local.ERROR: exception 'ErrorException' with message 'file_put_contents(/Library/WebServer/Documents/learninglocker/app/storage/views/9bb12cf37faf5a33e8e10f9e0fba692a): failed to open stream: Permission denied' in /Library/WebServer/Documents/learninglocker/vendor/laravel/framework/src/Illuminate/Filesystem/Filesystem.php:70
Stack trace:
#0 [internal function]: Illuminate\Exception\Handler->handleError(2, 'file_put_conten...', '/Library/WebSer...', 70, Array)
#1 /Library/WebServer/Documents/learninglocker/vendor/laravel/framework/src/Illuminate/Filesystem/Filesystem.php(70): file_put_contents('/Library/WebSer...', '<?php $__env->s...', 0)
#2 /Library/WebServer/Documents/learninglocker/vendor/laravel/framework/src/Illuminate/View/Compilers/BladeCompiler.php(80): Illuminate\Filesystem\Filesystem->put('/Library/WebSer...', '<?php $__env->s...')
#3 /Library/WebServer/Documents/learninglocker/vendor/laravel/framework/src/Illuminate/View/Engines/CompilerEngine.php(49): Illuminate\View\Compilers\BladeCompiler->compile('/Library/WebSer...')
#4 /Library/WebServer/Documents/learninglocker/vendor/laravel/framework/src/Illuminate/View/View.php(140): Illuminate\View\Engines\CompilerEngine->get('/Library/WebSer...', Array)
#5 /Library/WebServer/Documents/learninglocker/vendor/laravel/framework/src/Illuminate/View/View.php(109): Illuminate\View\View->getContents()
#6 /Library/WebServer/Documents/learninglocker/vendor/laravel/framework/src/Illuminate/View/View.php(78): Illuminate\View\View->renderContents()
#7 /Library/WebServer/Documents/learninglocker/vendor/laravel/framework/src/Illuminate/Http/Response.php(43): Illuminate\View\View->render()
#8 /Library/WebServer/Documents/learninglocker/vendor/symfony/http-foundation/Response.php(202): Illuminate\Http\Response->setContent(Object(Illuminate\View\View))
#9 /Library/WebServer/Documents/learninglocker/vendor/laravel/framework/src/Illuminate/Routing/Router.php(1501): Symfony\Component\HttpFoundation\Response->__construct(Object(Illuminate\View\View))
#10 /Library/WebServer/Documents/learninglocker/vendor/laravel/framework/src/Illuminate/Routing/Router.php(1036): Illuminate\Routing\Router->prepareResponse(Object(Illuminate\Http\Request), Object(Illuminate\View\View))
#11 /Library/WebServer/Documents/learninglocker/vendor/laravel/framework/src/Illuminate/Routing/Router.php(1001): Illuminate\Routing\Router->dispatchToRoute(Object(Illuminate\Http\Request))
#12 /Library/WebServer/Documents/learninglocker/vendor/laravel/framework/src/Illuminate/Foundation/Application.php(781): Illuminate\Routing\Router->dispatch(Object(Illuminate\Http\Request))
#13 /Library/WebServer/Documents/learninglocker/vendor/laravel/framework/src/Illuminate/Foundation/Application.php(745): Illuminate\Foundation\Application->dispatch(Object(Illuminate\Http\Request))
#14 /Library/WebServer/Documents/learninglocker/vendor/itsgoingd/clockwork/Clockwork/Support/Laravel/ClockworkLegacyMiddleware.php(20): Illuminate\Foundation\Application->handle(Object(Illuminate\Http\Request), 1, true)
#15 /Library/WebServer/Documents/learninglocker/vendor/laravel/framework/src/Illuminate/Session/Middleware.php(72): Clockwork\Support\Laravel\ClockworkLegacyMiddleware->handle(Object(Illuminate\Http\Request), 1, true)
#16 /Library/WebServer/Documents/learninglocker/vendor/laravel/framework/src/Illuminate/Cookie/Queue.php(47): Illuminate\Session\Middleware->handle(Object(Illuminate\Http\Request), 1, true)
#17 /Library/WebServer/Documents/learninglocker/vendor/laravel/framework/src/Illuminate/Cookie/Guard.php(51): Illuminate\Cookie\Queue->handle(Object(Illuminate\Http\Request), 1, true)
#18 /Library/WebServer/Documents/learninglocker/vendor/stack/builder/src/Stack/StackedHttpKernel.php(23): Illuminate\Cookie\Guard->handle(Object(Illuminate\Http\Request), 1, true)
#19 /Library/WebServer/Documents/learninglocker/vendor/laravel/framework/src/Illuminate/Foundation/Application.php(641): Stack\StackedHttpKernel->handle(Object(Illuminate\Http\Request))
#20 /Library/WebServer/Documents/learninglocker/public/index.php(49): Illuminate\Foundation\Application->run()
#21 {main} [] []
[2017-06-24 06:53:08] local.ERROR: exception 'ErrorException' with message 'file_put_contents(/Library/WebServer/Documents/learninglocker/app/storage/views/9bb12cf37faf5a33e8e10f9e0fba692a): failed to open stream: Permission denied' in /Library/WebServer/Documents/learninglocker/vendor/laravel/framework/src/Illuminate/Filesystem/Filesystem.php:70
Stack trace:
#0 [internal function]: Illuminate\Exception\Handler->handleError(2, 'file_put_conten...', '/Library/WebSer...', 70, Array)
#1 /Library/WebServer/Documents/learninglocker/vendor/laravel/framework/src/Illuminate/Filesystem/Filesystem.php(70): file_put_contents('/Library/WebSer...', '<?php $__env->s...', 0)
#2 /Library/WebServer/Documents/learninglocker/vendor/laravel/framework/src/Illuminate/View/Compilers/BladeCompiler.php(80): Illuminate\Filesystem\Filesystem->put('/Library/WebSer...', '<?php $__env->s...')
#3 /Library/WebServer/Documents/learninglocker/vendor/laravel/framework/src/Illuminate/View/Engines/CompilerEngine.php(49): Illuminate\View\Compilers\BladeCompiler->compile('/Library/WebSer...')
#4 /Library/WebServer/Documents/learninglocker/vendor/laravel/framework/src/Illuminate/View/View.php(140): Illuminate\View\Engines\CompilerEngine->get('/Library/WebSer...', Array)
#5 /Library/WebServer/Documents/learninglocker/vendor/laravel/framework/src/Illuminate/View/View.php(109): Illuminate\View\View->getContents()
#6 /Library/WebServer/Documents/learninglocker/vendor/laravel/framework/src/Illuminate/View/View.php(78): Illuminate\View\View->renderContents()
#7 /Library/WebServer/Documents/learninglocker/vendor/laravel/framework/src/Illuminate/Http/Response.php(43): Illuminate\View\View->render()
#8 /Library/WebServer/Documents/learninglocker/vendor/symfony/http-foundation/Response.php(202): Illuminate\Http\Response->setContent(Object(Illuminate\View\View))
#9 /Library/WebServer/Documents/learninglocker/vendor/laravel/framework/src/Illuminate/Routing/Router.php(1501): Symfony\Component\HttpFoundation\Response->__construct(Object(Illuminate\View\View))
#10 /Library/WebServer/Documents/learninglocker/vendor/laravel/framework/src/Illuminate/Routing/Router.php(1036): Illuminate\Routing\Router->prepareResponse(Object(Illuminate\Http\Request), Object(Illuminate\View\View))
#11 /Library/WebServer/Documents/learninglocker/vendor/laravel/framework/src/Illuminate/Routing/Router.php(1001): Illuminate\Routing\Router->dispatchToRoute(Object(Illuminate\Http\Request))
#12 /Library/WebServer/Documents/learninglocker/vendor/laravel/framework/src/Illuminate/Foundation/Application.php(781): Illuminate\Routing\Router->dispatch(Object(Illuminate\Http\Request))
#13 /Library/WebServer/Documents/learninglocker/vendor/laravel/framework/src/Illuminate/Foundation/Application.php(745): Illuminate\Foundation\Application->dispatch(Object(Illuminate\Http\Request))
#14 /Library/WebServer/Documents/learninglocker/vendor/itsgoingd/clockwork/Clockwork/Support/Laravel/ClockworkLegacyMiddleware.php(20): Illuminate\Foundation\Application->handle(Object(Illuminate\Http\Request), 1, true)
#15 /Library/WebServer/Documents/learninglocker/vendor/laravel/framework/src/Illuminate/Session/Middleware.php(72): Clockwork\Support\Laravel\ClockworkLegacyMiddleware->handle(Object(Illuminate\Http\Request), 1, true)
#16 /Library/WebServer/Documents/learninglocker/vendor/laravel/framework/src/Illuminate/Cookie/Queue.php(47): Illuminate\Session\Middleware->handle(Object(Illuminate\Http\Request), 1, true)
#17 /Library/WebServer/Documents/learninglocker/vendor/laravel/framework/src/Illuminate/Cookie/Guard.php(51): Illuminate\Cookie\Queue->handle(Object(Illuminate\Http\Request), 1, true)
#18 /Library/WebServer/Documents/learninglocker/vendor/stack/builder/src/Stack/StackedHttpKernel.php(23): Illuminate\Cookie\Guard->handle(Object(Illuminate\Http\Request), 1, true)
#19 /Library/WebServer/Documents/learninglocker/vendor/laravel/framework/src/Illuminate/Foundation/Application.php(641): Stack\StackedHttpKernel->handle(Object(Illuminate\Http\Request))
#20 /Library/WebServer/Documents/learninglocker/public/index.php(49): Illuminate\Foundation\Application->run()
#21 {main} [] []
[2017-06-24 07:24:33] local.ERROR: exception 'ErrorException' with message 'file_put_contents(/Library/WebServer/Documents/learninglocker/app/storage/views/9bb12cf37faf5a33e8e10f9e0fba692a): failed to open stream: Permission denied' in /Library/WebServer/Documents/learninglocker/vendor/laravel/framework/src/Illuminate/Filesystem/Filesystem.php:70
Stack trace:
#0 [internal function]: Illuminate\Exception\Handler->handleError(2, 'file_put_conten...', '/Library/WebSer...', 70, Array)
#1 /Library/WebServer/Documents/learninglocker/vendor/laravel/framework/src/Illuminate/Filesystem/Filesystem.php(70): file_put_contents('/Library/WebSer...', '<?php $__env->s...', 0)
#2 /Library/WebServer/Documents/learninglocker/vendor/laravel/framework/src/Illuminate/View/Compilers/BladeCompiler.php(80): Illuminate\Filesystem\Filesystem->put('/Library/WebSer...', '<?php $__env->s...')
#3 /Library/WebServer/Documents/learninglocker/vendor/laravel/framework/src/Illuminate/View/Engines/CompilerEngine.php(49): Illuminate\View\Compilers\BladeCompiler->compile('/Library/WebSer...')
#4 /Library/WebServer/Documents/learninglocker/vendor/laravel/framework/src/Illuminate/View/View.php(140): Illuminate\View\Engines\CompilerEngine->get('/Library/WebSer...', Array)
#5 /Library/WebServer/Documents/learninglocker/vendor/laravel/framework/src/Illuminate/View/View.php(109): Illuminate\View\View->getContents()
#6 /Library/WebServer/Documents/learninglocker/vendor/laravel/framework/src/Illuminate/View/View.php(78): Illuminate\View\View->renderContents()
#7 /Library/WebServer/Documents/learninglocker/vendor/laravel/framework/src/Illuminate/Http/Response.php(43): Illuminate\View\View->render()
#8 /Library/WebServer/Documents/learninglocker/vendor/symfony/http-foundation/Response.php(202): Illuminate\Http\Response->setContent(Object(Illuminate\View\View))
#9 /Library/WebServer/Documents/learninglocker/vendor/laravel/framework/src/Illuminate/Routing/Router.php(1501): Symfony\Component\HttpFoundation\Response->__construct(Object(Illuminate\View\View))
#10 /Library/WebServer/Documents/learninglocker/vendor/laravel/framework/src/Illuminate/Routing/Router.php(1036): Illuminate\Routing\Router->prepareResponse(Object(Illuminate\Http\Request), Object(Illuminate\View\View))
#11 /Library/WebServer/Documents/learninglocker/vendor/laravel/framework/src/Illuminate/Routing/Router.php(1001): Illuminate\Routing\Router->dispatchToRoute(Object(Illuminate\Http\Request))
#12 /Library/WebServer/Documents/learninglocker/vendor/laravel/framework/src/Illuminate/Foundation/Application.php(781): Illuminate\Routing\Router->dispatch(Object(Illuminate\Http\Request))
#13 /Library/WebServer/Documents/learninglocker/vendor/laravel/framework/src/Illuminate/Foundation/Application.php(745): Illuminate\Foundation\Application->dispatch(Object(Illuminate\Http\Request))
#14 /Library/WebServer/Documents/learninglocker/vendor/itsgoingd/clockwork/Clockwork/Support/Laravel/ClockworkLegacyMiddleware.php(20): Illuminate\Foundation\Application->handle(Object(Illuminate\Http\Request), 1, true)
#15 /Library/WebServer/Documents/learninglocker/vendor/laravel/framework/src/Illuminate/Session/Middleware.php(72): Clockwork\Support\Laravel\ClockworkLegacyMiddleware->handle(Object(Illuminate\Http\Request), 1, true)
#16 /Library/WebServer/Documents/learninglocker/vendor/laravel/framework/src/Illuminate/Cookie/Queue.php(47): Illuminate\Session\Middleware->handle(Object(Illuminate\Http\Request), 1, true)
#17 /Library/WebServer/Documents/learninglocker/vendor/laravel/framework/src/Illuminate/Cookie/Guard.php(51): Illuminate\Cookie\Queue->handle(Object(Illuminate\Http\Request), 1, true)
#18 /Library/WebServer/Documents/learninglocker/vendor/stack/builder/src/Stack/StackedHttpKernel.php(23): Illuminate\Cookie\Guard->handle(Object(Illuminate\Http\Request), 1, true)
#19 /Library/WebServer/Documents/learninglocker/vendor/laravel/framework/src/Illuminate/Foundation/Application.php(641): Stack\StackedHttpKernel->handle(Object(Illuminate\Http\Request))
#20 /Library/WebServer/Documents/learninglocker/public/index.php(49): Illuminate\Foundation\Application->run()
#21 {main} [] []
[2017-06-24 07:24:33] local.ERROR: exception 'ErrorException' with message 'file_put_contents(/Library/WebServer/Documents/learninglocker/app/storage/views/9bb12cf37faf5a33e8e10f9e0fba692a): failed to open stream: Permission denied' in /Library/WebServer/Documents/learninglocker/vendor/laravel/framework/src/Illuminate/Filesystem/Filesystem.php:70
Stack trace:
#0 [internal function]: Illuminate\Exception\Handler->handleError(2, 'file_put_conten...', '/Library/WebSer...', 70, Array)
#1 /Library/WebServer/Documents/learninglocker/vendor/laravel/framework/src/Illuminate/Filesystem/Filesystem.php(70): file_put_contents('/Library/WebSer...', '<?php $__env->s...', 0)
#2 /Library/WebServer/Documents/learninglocker/vendor/laravel/framework/src/Illuminate/View/Compilers/BladeCompiler.php(80): Illuminate\Filesystem\Filesystem->put('/Library/WebSer...', '<?php $__env->s...')
#3 /Library/WebServer/Documents/learninglocker/vendor/laravel/framework/src/Illuminate/View/Engines/CompilerEngine.php(49): Illuminate\View\Compilers\BladeCompiler->compile('/Library/WebSer...')
#4 /Library/WebServer/Documents/learninglocker/vendor/laravel/framework/src/Illuminate/View/View.php(140): Illuminate\View\Engines\CompilerEngine->get('/Library/WebSer...', Array)
#5 /Library/WebServer/Documents/learninglocker/vendor/laravel/framework/src/Illuminate/View/View.php(109): Illuminate\View\View->getContents()
#6 /Library/WebServer/Documents/learninglocker/vendor/laravel/framework/src/Illuminate/View/View.php(78): Illuminate\View\View->renderContents()
#7 /Library/WebServer/Documents/learninglocker/vendor/laravel/framework/src/Illuminate/Http/Response.php(43): Illuminate\View\View->render()
#8 /Library/WebServer/Documents/learninglocker/vendor/symfony/http-foundation/Response.php(202): Illuminate\Http\Response->setContent(Object(Illuminate\View\View))
#9 /Library/WebServer/Documents/learninglocker/vendor/laravel/framework/src/Illuminate/Routing/Router.php(1501): Symfony\Component\HttpFoundation\Response->__construct(Object(Illuminate\View\View))
#10 /Library/WebServer/Documents/learninglocker/vendor/laravel/framework/src/Illuminate/Routing/Router.php(1036): Illuminate\Routing\Router->prepareResponse(Object(Illuminate\Http\Request), Object(Illuminate\View\View))
#11 /Library/WebServer/Documents/learninglocker/vendor/laravel/framework/src/Illuminate/Routing/Router.php(1001): Illuminate\Routing\Router->dispatchToRoute(Object(Illuminate\Http\Request))
#12 /Library/WebServer/Documents/learninglocker/vendor/laravel/framework/src/Illuminate/Foundation/Application.php(781): Illuminate\Routing\Router->dispatch(Object(Illuminate\Http\Request))
#13 /Library/WebServer/Documents/learninglocker/vendor/laravel/framework/src/Illuminate/Foundation/Application.php(745): Illuminate\Foundation\Application->dispatch(Object(Illuminate\Http\Request))
#14 /Library/WebServer/Documents/learninglocker/vendor/itsgoingd/clockwork/Clockwork/Support/Laravel/ClockworkLegacyMiddleware.php(20): Illuminate\Foundation\Application->handle(Object(Illuminate\Http\Request), 1, true)
#15 /Library/WebServer/Documents/learninglocker/vendor/laravel/framework/src/Illuminate/Session/Middleware.php(72): Clockwork\Support\Laravel\ClockworkLegacyMiddleware->handle(Object(Illuminate\Http\Request), 1, true)
#16 /Library/WebServer/Documents/learninglocker/vendor/laravel/framework/src/Illuminate/Cookie/Queue.php(47): Illuminate\Session\Middleware->handle(Object(Illuminate\Http\Request), 1, true)
#17 /Library/WebServer/Documents/learninglocker/vendor/laravel/framework/src/Illuminate/Cookie/Guard.php(51): Illuminate\Cookie\Queue->handle(Object(Illuminate\Http\Request), 1, true)
#18 /Library/WebServer/Documents/learninglocker/vendor/stack/builder/src/Stack/StackedHttpKernel.php(23): Illuminate\Cookie\Guard->handle(Object(Illuminate\Http\Request), 1, true)
#19 /Library/WebServer/Documents/learninglocker/vendor/laravel/framework/src/Illuminate/Foundation/Application.php(641): Stack\StackedHttpKernel->handle(Object(Illuminate\Http\Request))
#20 /Library/WebServer/Documents/learninglocker/public/index.php(49): Illuminate\Foundation\Application->run()
#21 {main} [] []
[2017-06-24 07:24:34] local.ERROR: exception 'ErrorException' with message 'file_put_contents(/Library/WebServer/Documents/learninglocker/app/storage/views/9bb12cf37faf5a33e8e10f9e0fba692a): failed to open stream: Permission denied' in /Library/WebServer/Documents/learninglocker/vendor/laravel/framework/src/Illuminate/Filesystem/Filesystem.php:70
Stack trace:
#0 [internal function]: Illuminate\Exception\Handler->handleError(2, 'file_put_conten...', '/Library/WebSer...', 70, Array)
#1 /Library/WebServer/Documents/learninglocker/vendor/laravel/framework/src/Illuminate/Filesystem/Filesystem.php(70): file_put_contents('/Library/WebSer...', '<?php $__env->s...', 0)
#2 /Library/WebServer/Documents/learninglocker/vendor/laravel/framework/src/Illuminate/View/Compilers/BladeCompiler.php(80): Illuminate\Filesystem\Filesystem->put('/Library/WebSer...', '<?php $__env->s...')
#3 /Library/WebServer/Documents/learninglocker/vendor/laravel/framework/src/Illuminate/View/Engines/CompilerEngine.php(49): Illuminate\View\Compilers\BladeCompiler->compile('/Library/WebSer...')
#4 /Library/WebServer/Documents/learninglocker/vendor/laravel/framework/src/Illuminate/View/View.php(140): Illuminate\View\Engines\CompilerEngine->get('/Library/WebSer...', Array)
#5 /Library/WebServer/Documents/learninglocker/vendor/laravel/framework/src/Illuminate/View/View.php(109): Illuminate\View\View->getContents()
#6 /Library/WebServer/Documents/learninglocker/vendor/laravel/framework/src/Illuminate/View/View.php(78): Illuminate\View\View->renderContents()
#7 /Library/WebServer/Documents/learninglocker/vendor/laravel/framework/src/Illuminate/Http/Response.php(43): Illuminate\View\View->render()
#8 /Library/WebServer/Documents/learninglocker/vendor/symfony/http-foundation/Response.php(202): Illuminate\Http\Response->setContent(Object(Illuminate\View\View))
#9 /Library/WebServer/Documents/learninglocker/vendor/laravel/framework/src/Illuminate/Routing/Router.php(1501): Symfony\Component\HttpFoundation\Response->__construct(Object(Illuminate\View\View))
#10 /Library/WebServer/Documents/learninglocker/vendor/laravel/framework/src/Illuminate/Routing/Router.php(1036): Illuminate\Routing\Router->prepareResponse(Object(Illuminate\Http\Request), Object(Illuminate\View\View))
#11 /Library/WebServer/Documents/learninglocker/vendor/laravel/framework/src/Illuminate/Routing/Router.php(1001): Illuminate\Routing\Router->dispatchToRoute(Object(Illuminate\Http\Request))
#12 /Library/WebServer/Documents/learninglocker/vendor/laravel/framework/src/Illuminate/Foundation/Application.php(781): Illuminate\Routing\Router->dispatch(Object(Illuminate\Http\Request))
#13 /Library/WebServer/Documents/learninglocker/vendor/laravel/framework/src/Illuminate/Foundation/Application.php(745): Illuminate\Foundation\Application->dispatch(Object(Illuminate\Http\Request))
#14 /Library/WebServer/Documents/learninglocker/vendor/itsgoingd/clockwork/Clockwork/Support/Laravel/ClockworkLegacyMiddleware.php(20): Illuminate\Foundation\Application->handle(Object(Illuminate\Http\Request), 1, true)
#15 /Library/WebServer/Documents/learninglocker/vendor/laravel/framework/src/Illuminate/Session/Middleware.php(72): Clockwork\Support\Laravel\ClockworkLegacyMiddleware->handle(Object(Illuminate\Http\Request), 1, true)
#16 /Library/WebServer/Documents/learninglocker/vendor/laravel/framework/src/Illuminate/Cookie/Queue.php(47): Illuminate\Session\Middleware->handle(Object(Illuminate\Http\Request), 1, true)
#17 /Library/WebServer/Documents/learninglocker/vendor/laravel/framework/src/Illuminate/Cookie/Guard.php(51): Illuminate\Cookie\Queue->handle(Object(Illuminate\Http\Request), 1, true)
#18 /Library/WebServer/Documents/learninglocker/vendor/stack/builder/src/Stack/StackedHttpKernel.php(23): Illuminate\Cookie\Guard->handle(Object(Illuminate\Http\Request), 1, true)
#19 /Library/WebServer/Documents/learninglocker/vendor/laravel/framework/src/Illuminate/Foundation/Application.php(641): Stack\StackedHttpKernel->handle(Object(Illuminate\Http\Request))
#20 /Library/WebServer/Documents/learninglocker/public/index.php(49): Illuminate\Foundation\Application->run()
#21 {main} [] []
[2017-06-24 07:24:34] local.ERROR: exception 'ErrorException' with message 'file_put_contents(/Library/WebServer/Documents/learninglocker/app/storage/views/9bb12cf37faf5a33e8e10f9e0fba692a): failed to open stream: Permission denied' in /Library/WebServer/Documents/learninglocker/vendor/laravel/framework/src/Illuminate/Filesystem/Filesystem.php:70
Stack trace:
#0 [internal function]: Illuminate\Exception\Handler->handleError(2, 'file_put_conten...', '/Library/WebSer...', 70, Array)
#1 /Library/WebServer/Documents/learninglocker/vendor/laravel/framework/src/Illuminate/Filesystem/Filesystem.php(70): file_put_contents('/Library/WebSer...', '<?php $__env->s...', 0)
#2 /Library/WebServer/Documents/learninglocker/vendor/laravel/framework/src/Illuminate/View/Compilers/BladeCompiler.php(80): Illuminate\Filesystem\Filesystem->put('/Library/WebSer...', '<?php $__env->s...')
#3 /Library/WebServer/Documents/learninglocker/vendor/laravel/framework/src/Illuminate/View/Engines/CompilerEngine.php(49): Illuminate\View\Compilers\BladeCompiler->compile('/Library/WebSer...')
#4 /Library/WebServer/Documents/learninglocker/vendor/laravel/framework/src/Illuminate/View/View.php(140): Illuminate\View\Engines\CompilerEngine->get('/Library/WebSer...', Array)
#5 /Library/WebServer/Documents/learninglocker/vendor/laravel/framework/src/Illuminate/View/View.php(109): Illuminate\View\View->getContents()
#6 /Library/WebServer/Documents/learninglocker/vendor/laravel/framework/src/Illuminate/View/View.php(78): Illuminate\View\View->renderContents()
#7 /Library/WebServer/Documents/learninglocker/vendor/laravel/framework/src/Illuminate/Http/Response.php(43): Illuminate\View\View->render()
#8 /Library/WebServer/Documents/learninglocker/vendor/symfony/http-foundation/Response.php(202): Illuminate\Http\Response->setContent(Object(Illuminate\View\View))
#9 /Library/WebServer/Documents/learninglocker/vendor/laravel/framework/src/Illuminate/Routing/Router.php(1501): Symfony\Component\HttpFoundation\Response->__construct(Object(Illuminate\View\View))
#10 /Library/WebServer/Documents/learninglocker/vendor/laravel/framework/src/Illuminate/Routing/Router.php(1036): Illuminate\Routing\Router->prepareResponse(Object(Illuminate\Http\Request), Object(Illuminate\View\View))
#11 /Library/WebServer/Documents/learninglocker/vendor/laravel/framework/src/Illuminate/Routing/Router.php(1001): Illuminate\Routing\Router->dispatchToRoute(Object(Illuminate\Http\Request))
#12 /Library/WebServer/Documents/learninglocker/vendor/laravel/framework/src/Illuminate/Foundation/Application.php(781): Illuminate\Routing\Router->dispatch(Object(Illuminate\Http\Request))
#13 /Library/WebServer/Documents/learninglocker/vendor/laravel/framework/src/Illuminate/Foundation/Application.php(745): Illuminate\Foundation\Application->dispatch(Object(Illuminate\Http\Request))
#14 /Library/WebServer/Documents/learninglocker/vendor/itsgoingd/clockwork/Clockwork/Support/Laravel/ClockworkLegacyMiddleware.php(20): Illuminate\Foundation\Application->handle(Object(Illuminate\Http\Request), 1, true)
#15 /Library/WebServer/Documents/learninglocker/vendor/laravel/framework/src/Illuminate/Session/Middleware.php(72): Clockwork\Support\Laravel\ClockworkLegacyMiddleware->handle(Object(Illuminate\Http\Request), 1, true)
#16 /Library/WebServer/Documents/learninglocker/vendor/laravel/framework/src/Illuminate/Cookie/Queue.php(47): Illuminate\Session\Middleware->handle(Object(Illuminate\Http\Request), 1, true)
#17 /Library/WebServer/Documents/learninglocker/vendor/laravel/framework/src/Illuminate/Cookie/Guard.php(51): Illuminate\Cookie\Queue->handle(Object(Illuminate\Http\Request), 1, true)
#18 /Library/WebServer/Documents/learninglocker/vendor/stack/builder/src/Stack/StackedHttpKernel.php(23): Illuminate\Cookie\Guard->handle(Object(Illuminate\Http\Request), 1, true)
#19 /Library/WebServer/Documents/learninglocker/vendor/laravel/framework/src/Illuminate/Foundation/Application.php(641): Stack\StackedHttpKernel->handle(Object(Illuminate\Http\Request))
#20 /Library/WebServer/Documents/learninglocker/public/index.php(49): Illuminate\Foundation\Application->run()
#21 {main} [] []
[2017-06-24 07:26:48] local.ERROR: exception 'ErrorException' with message 'file_put_contents(/Library/WebServer/Documents/learninglocker/app/storage/views/9bb12cf37faf5a33e8e10f9e0fba692a): failed to open stream: Permission denied' in /Library/WebServer/Documents/learninglocker/vendor/laravel/framework/src/Illuminate/Filesystem/Filesystem.php:70
Stack trace:
#0 [internal function]: Illuminate\Exception\Handler->handleError(2, 'file_put_conten...', '/Library/WebSer...', 70, Array)
#1 /Library/WebServer/Documents/learninglocker/vendor/laravel/framework/src/Illuminate/Filesystem/Filesystem.php(70): file_put_contents('/Library/WebSer...', '<?php $__env->s...', 0)
#2 /Library/WebServer/Documents/learninglocker/vendor/laravel/framework/src/Illuminate/View/Compilers/BladeCompiler.php(80): Illuminate\Filesystem\Filesystem->put('/Library/WebSer...', '<?php $__env->s...')
#3 /Library/WebServer/Documents/learninglocker/vendor/laravel/framework/src/Illuminate/View/Engines/CompilerEngine.php(49): Illuminate\View\Compilers\BladeCompiler->compile('/Library/WebSer...')
#4 /Library/WebServer/Documents/learninglocker/vendor/laravel/framework/src/Illuminate/View/View.php(140): Illuminate\View\Engines\CompilerEngine->get('/Library/WebSer...', Array)
#5 /Library/WebServer/Documents/learninglocker/vendor/laravel/framework/src/Illuminate/View/View.php(109): Illuminate\View\View->getContents()
#6 /Library/WebServer/Documents/learninglocker/vendor/laravel/framework/src/Illuminate/View/View.php(78): Illuminate\View\View->renderContents()
#7 /Library/WebServer/Documents/learninglocker/vendor/laravel/framework/src/Illuminate/Http/Response.php(43): Illuminate\View\View->render()
#8 /Library/WebServer/Documents/learninglocker/vendor/symfony/http-foundation/Response.php(202): Illuminate\Http\Response->setContent(Object(Illuminate\View\View))
#9 /Library/WebServer/Documents/learninglocker/vendor/laravel/framework/src/Illuminate/Routing/Router.php(1501): Symfony\Component\HttpFoundation\Response->__construct(Object(Illuminate\View\View))
#10 /Library/WebServer/Documents/learninglocker/vendor/laravel/framework/src/Illuminate/Routing/Router.php(1036): Illuminate\Routing\Router->prepareResponse(Object(Illuminate\Http\Request), Object(Illuminate\View\View))
#11 /Library/WebServer/Documents/learninglocker/vendor/laravel/framework/src/Illuminate/Routing/Router.php(1001): Illuminate\Routing\Router->dispatchToRoute(Object(Illuminate\Http\Request))
#12 /Library/WebServer/Documents/learninglocker/vendor/laravel/framework/src/Illuminate/Foundation/Application.php(781): Illuminate\Routing\Router->dispatch(Object(Illuminate\Http\Request))
#13 /Library/WebServer/Documents/learninglocker/vendor/laravel/framework/src/Illuminate/Foundation/Application.php(745): Illuminate\Foundation\Application->dispatch(Object(Illuminate\Http\Request))
#14 /Library/WebServer/Documents/learninglocker/vendor/itsgoingd/clockwork/Clockwork/Support/Laravel/ClockworkLegacyMiddleware.php(20): Illuminate\Foundation\Application->handle(Object(Illuminate\Http\Request), 1, true)
#15 /Library/WebServer/Documents/learninglocker/vendor/laravel/framework/src/Illuminate/Session/Middleware.php(72): Clockwork\Support\Laravel\ClockworkLegacyMiddleware->handle(Object(Illuminate\Http\Request), 1, true)
#16 /Library/WebServer/Documents/learninglocker/vendor/laravel/framework/src/Illuminate/Cookie/Queue.php(47): Illuminate\Session\Middleware->handle(Object(Illuminate\Http\Request), 1, true)
#17 /Library/WebServer/Documents/learninglocker/vendor/laravel/framework/src/Illuminate/Cookie/Guard.php(51): Illuminate\Cookie\Queue->handle(Object(Illuminate\Http\Request), 1, true)
#18 /Library/WebServer/Documents/learninglocker/vendor/stack/builder/src/Stack/StackedHttpKernel.php(23): Illuminate\Cookie\Guard->handle(Object(Illuminate\Http\Request), 1, true)
#19 /Library/WebServer/Documents/learninglocker/vendor/laravel/framework/src/Illuminate/Foundation/Application.php(641): Stack\StackedHttpKernel->handle(Object(Illuminate\Http\Request))
#20 /Library/WebServer/Documents/learninglocker/public/index.php(49): Illuminate\Foundation\Application->run()
#21 {main} [] []
[2017-06-24 07:26:48] local.ERROR: exception 'ErrorException' with message 'file_put_contents(/Library/WebServer/Documents/learninglocker/app/storage/views/9bb12cf37faf5a33e8e10f9e0fba692a): failed to open stream: Permission denied' in /Library/WebServer/Documents/learninglocker/vendor/laravel/framework/src/Illuminate/Filesystem/Filesystem.php:70
Stack trace:
#0 [internal function]: Illuminate\Exception\Handler->handleError(2, 'file_put_conten...', '/Library/WebSer...', 70, Array)
#1 /Library/WebServer/Documents/learninglocker/vendor/laravel/framework/src/Illuminate/Filesystem/Filesystem.php(70): file_put_contents('/Library/WebSer...', '<?php $__env->s...', 0)
#2 /Library/WebServer/Documents/learninglocker/vendor/laravel/framework/src/Illuminate/View/Compilers/BladeCompiler.php(80): Illuminate\Filesystem\Filesystem->put('/Library/WebSer...', '<?php $__env->s...')
#3 /Library/WebServer/Documents/learninglocker/vendor/laravel/framework/src/Illuminate/View/Engines/CompilerEngine.php(49): Illuminate\View\Compilers\BladeCompiler->compile('/Library/WebSer...')
#4 /Library/WebServer/Documents/learninglocker/vendor/laravel/framework/src/Illuminate/View/View.php(140): Illuminate\View\Engines\CompilerEngine->get('/Library/WebSer...', Array)
#5 /Library/WebServer/Documents/learninglocker/vendor/laravel/framework/src/Illuminate/View/View.php(109): Illuminate\View\View->getContents()
#6 /Library/WebServer/Documents/learninglocker/vendor/laravel/framework/src/Illuminate/View/View.php(78): Illuminate\View\View->renderContents()
#7 /Library/WebServer/Documents/learninglocker/vendor/laravel/framework/src/Illuminate/Http/Response.php(43): Illuminate\View\View->render()
#8 /Library/WebServer/Documents/learninglocker/vendor/symfony/http-foundation/Response.php(202): Illuminate\Http\Response->setContent(Object(Illuminate\View\View))
#9 /Library/WebServer/Documents/learninglocker/vendor/laravel/framework/src/Illuminate/Routing/Router.php(1501): Symfony\Component\HttpFoundation\Response->__construct(Object(Illuminate\View\View))
#10 /Library/WebServer/Documents/learninglocker/vendor/laravel/framework/src/Illuminate/Routing/Router.php(1036): Illuminate\Routing\Router->prepareResponse(Object(Illuminate\Http\Request), Object(Illuminate\View\View))
#11 /Library/WebServer/Documents/learninglocker/vendor/laravel/framework/src/Illuminate/Routing/Router.php(1001): Illuminate\Routing\Router->dispatchToRoute(Object(Illuminate\Http\Request))
#12 /Library/WebServer/Documents/learninglocker/vendor/laravel/framework/src/Illuminate/Foundation/Application.php(781): Illuminate\Routing\Router->dispatch(Object(Illuminate\Http\Request))
#13 /Library/WebServer/Documents/learninglocker/vendor/laravel/framework/src/Illuminate/Foundation/Application.php(745): Illuminate\Foundation\Application->dispatch(Object(Illuminate\Http\Request))
#14 /Library/WebServer/Documents/learninglocker/vendor/itsgoingd/clockwork/Clockwork/Support/Laravel/ClockworkLegacyMiddleware.php(20): Illuminate\Foundation\Application->handle(Object(Illuminate\Http\Request), 1, true)
#15 /Library/WebServer/Documents/learninglocker/vendor/laravel/framework/src/Illuminate/Session/Middleware.php(72): Clockwork\Support\Laravel\ClockworkLegacyMiddleware->handle(Object(Illuminate\Http\Request), 1, true)
#16 /Library/WebServer/Documents/learninglocker/vendor/laravel/framework/src/Illuminate/Cookie/Queue.php(47): Illuminate\Session\Middleware->handle(Object(Illuminate\Http\Request), 1, true)
#17 /Library/WebServer/Documents/learninglocker/vendor/laravel/framework/src/Illuminate/Cookie/Guard.php(51): Illuminate\Cookie\Queue->handle(Object(Illuminate\Http\Request), 1, true)
#18 /Library/WebServer/Documents/learninglocker/vendor/stack/builder/src/Stack/StackedHttpKernel.php(23): Illuminate\Cookie\Guard->handle(Object(Illuminate\Http\Request), 1, true)
#19 /Library/WebServer/Documents/learninglocker/vendor/laravel/framework/src/Illuminate/Foundation/Application.php(641): Stack\StackedHttpKernel->handle(Object(Illuminate\Http\Request))
#20 /Library/WebServer/Documents/learninglocker/public/index.php(49): Illuminate\Foundation\Application->run()
#21 {main} [] []
[2017-06-24 07:26:50] local.ERROR: exception 'ErrorException' with message 'file_put_contents(/Library/WebServer/Documents/learninglocker/app/storage/views/9bb12cf37faf5a33e8e10f9e0fba692a): failed to open stream: Permission denied' in /Library/WebServer/Documents/learninglocker/vendor/laravel/framework/src/Illuminate/Filesystem/Filesystem.php:70
Stack trace:
#0 [internal function]: Illuminate\Exception\Handler->handleError(2, 'file_put_conten...', '/Library/WebSer...', 70, Array)
#1 /Library/WebServer/Documents/learninglocker/vendor/laravel/framework/src/Illuminate/Filesystem/Filesystem.php(70): file_put_contents('/Library/WebSer...', '<?php $__env->s...', 0)
#2 /Library/WebServer/Documents/learninglocker/vendor/laravel/framework/src/Illuminate/View/Compilers/BladeCompiler.php(80): Illuminate\Filesystem\Filesystem->put('/Library/WebSer...', '<?php $__env->s...')
#3 /Library/WebServer/Documents/learninglocker/vendor/laravel/framework/src/Illuminate/View/Engines/CompilerEngine.php(49): Illuminate\View\Compilers\BladeCompiler->compile('/Library/WebSer...')
#4 /Library/WebServer/Documents/learninglocker/vendor/laravel/framework/src/Illuminate/View/View.php(140): Illuminate\View\Engines\CompilerEngine->get('/Library/WebSer...', Array)
#5 /Library/WebServer/Documents/learninglocker/vendor/laravel/framework/src/Illuminate/View/View.php(109): Illuminate\View\View->getContents()
#6 /Library/WebServer/Documents/learninglocker/vendor/laravel/framework/src/Illuminate/View/View.php(78): Illuminate\View\View->renderContents()
#7 /Library/WebServer/Documents/learninglocker/vendor/laravel/framework/src/Illuminate/Http/Response.php(43): Illuminate\View\View->render()
#8 /Library/WebServer/Documents/learninglocker/vendor/symfony/http-foundation/Response.php(202): Illuminate\Http\Response->setContent(Object(Illuminate\View\View))
#9 /Library/WebServer/Documents/learninglocker/vendor/laravel/framework/src/Illuminate/Routing/Router.php(1501): Symfony\Component\HttpFoundation\Response->__construct(Object(Illuminate\View\View))
#10 /Library/WebServer/Documents/learninglocker/vendor/laravel/framework/src/Illuminate/Routing/Router.php(1036): Illuminate\Routing\Router->prepareResponse(Object(Illuminate\Http\Request), Object(Illuminate\View\View))
#11 /Library/WebServer/Documents/learninglocker/vendor/laravel/framework/src/Illuminate/Routing/Router.php(1001): Illuminate\Routing\Router->dispatchToRoute(Object(Illuminate\Http\Request))
#12 /Library/WebServer/Documents/learninglocker/vendor/laravel/framework/src/Illuminate/Foundation/Application.php(781): Illuminate\Routing\Router->dispatch(Object(Illuminate\Http\Request))
#13 /Library/WebServer/Documents/learninglocker/vendor/laravel/framework/src/Illuminate/Foundation/Application.php(745): Illuminate\Foundation\Application->dispatch(Object(Illuminate\Http\Request))
#14 /Library/WebServer/Documents/learninglocker/vendor/itsgoingd/clockwork/Clockwork/Support/Laravel/ClockworkLegacyMiddleware.php(20): Illuminate\Foundation\Application->handle(Object(Illuminate\Http\Request), 1, true)
#15 /Library/WebServer/Documents/learninglocker/vendor/laravel/framework/src/Illuminate/Session/Middleware.php(72): Clockwork\Support\Laravel\ClockworkLegacyMiddleware->handle(Object(Illuminate\Http\Request), 1, true)
#16 /Library/WebServer/Documents/learninglocker/vendor/laravel/framework/src/Illuminate/Cookie/Queue.php(47): Illuminate\Session\Middleware->handle(Object(Illuminate\Http\Request), 1, true)
#17 /Library/WebServer/Documents/learninglocker/vendor/laravel/framework/src/Illuminate/Cookie/Guard.php(51): Illuminate\Cookie\Queue->handle(Object(Illuminate\Http\Request), 1, true)
#18 /Library/WebServer/Documents/learninglocker/vendor/stack/builder/src/Stack/StackedHttpKernel.php(23): Illuminate\Cookie\Guard->handle(Object(Illuminate\Http\Request), 1, true)
#19 /Library/WebServer/Documents/learninglocker/vendor/laravel/framework/src/Illuminate/Foundation/Application.php(641): Stack\StackedHttpKernel->handle(Object(Illuminate\Http\Request))
#20 /Library/WebServer/Documents/learninglocker/public/index.php(49): Illuminate\Foundation\Application->run()
#21 {main} [] []
[2017-06-24 07:26:50] local.ERROR: exception 'ErrorException' with message 'file_put_contents(/Library/WebServer/Documents/learninglocker/app/storage/views/9bb12cf37faf5a33e8e10f9e0fba692a): failed to open stream: Permission denied' in /Library/WebServer/Documents/learninglocker/vendor/laravel/framework/src/Illuminate/Filesystem/Filesystem.php:70
Stack trace:
#0 [internal function]: Illuminate\Exception\Handler->handleError(2, 'file_put_conten...', '/Library/WebSer...', 70, Array)
#1 /Library/WebServer/Documents/learninglocker/vendor/laravel/framework/src/Illuminate/Filesystem/Filesystem.php(70): file_put_contents('/Library/WebSer...', '<?php $__env->s...', 0)
#2 /Library/WebServer/Documents/learninglocker/vendor/laravel/framework/src/Illuminate/View/Compilers/BladeCompiler.php(80): Illuminate\Filesystem\Filesystem->put('/Library/WebSer...', '<?php $__env->s...')
#3 /Library/WebServer/Documents/learninglocker/vendor/laravel/framework/src/Illuminate/View/Engines/CompilerEngine.php(49): Illuminate\View\Compilers\BladeCompiler->compile('/Library/WebSer...')
#4 /Library/WebServer/Documents/learninglocker/vendor/laravel/framework/src/Illuminate/View/View.php(140): Illuminate\View\Engines\CompilerEngine->get('/Library/WebSer...', Array)
#5 /Library/WebServer/Documents/learninglocker/vendor/laravel/framework/src/Illuminate/View/View.php(109): Illuminate\View\View->getContents()
#6 /Library/WebServer/Documents/learninglocker/vendor/laravel/framework/src/Illuminate/View/View.php(78): Illuminate\View\View->renderContents()
#7 /Library/WebServer/Documents/learninglocker/vendor/laravel/framework/src/Illuminate/Http/Response.php(43): Illuminate\View\View->render()
#8 /Library/WebServer/Documents/learninglocker/vendor/symfony/http-foundation/Response.php(202): Illuminate\Http\Response->setContent(Object(Illuminate\View\View))
#9 /Library/WebServer/Documents/learninglocker/vendor/laravel/framework/src/Illuminate/Routing/Router.php(1501): Symfony\Component\HttpFoundation\Response->__construct(Object(Illuminate\View\View))
#10 /Library/WebServer/Documents/learninglocker/vendor/laravel/framework/src/Illuminate/Routing/Router.php(1036): Illuminate\Routing\Router->prepareResponse(Object(Illuminate\Http\Request), Object(Illuminate\View\View))
#11 /Library/WebServer/Documents/learninglocker/vendor/laravel/framework/src/Illuminate/Routing/Router.php(1001): Illuminate\Routing\Router->dispatchToRoute(Object(Illuminate\Http\Request))
#12 /Library/WebServer/Documents/learninglocker/vendor/laravel/framework/src/Illuminate/Foundation/Application.php(781): Illuminate\Routing\Router->dispatch(Object(Illuminate\Http\Request))
#13 /Library/WebServer/Documents/learninglocker/vendor/laravel/framework/src/Illuminate/Foundation/Application.php(745): Illuminate\Foundation\Application->dispatch(Object(Illuminate\Http\Request))
#14 /Library/WebServer/Documents/learninglocker/vendor/itsgoingd/clockwork/Clockwork/Support/Laravel/ClockworkLegacyMiddleware.php(20): Illuminate\Foundation\Application->handle(Object(Illuminate\Http\Request), 1, true)
#15 /Library/WebServer/Documents/learninglocker/vendor/laravel/framework/src/Illuminate/Session/Middleware.php(72): Clockwork\Support\Laravel\ClockworkLegacyMiddleware->handle(Object(Illuminate\Http\Request), 1, true)
#16 /Library/WebServer/Documents/learninglocker/vendor/laravel/framework/src/Illuminate/Cookie/Queue.php(47): Illuminate\Session\Middleware->handle(Object(Illuminate\Http\Request), 1, true)
#17 /Library/WebServer/Documents/learninglocker/vendor/laravel/framework/src/Illuminate/Cookie/Guard.php(51): Illuminate\Cookie\Queue->handle(Object(Illuminate\Http\Request), 1, true)
#18 /Library/WebServer/Documents/learninglocker/vendor/stack/builder/src/Stack/StackedHttpKernel.php(23): Illuminate\Cookie\Guard->handle(Object(Illuminate\Http\Request), 1, true)
#19 /Library/WebServer/Documents/learninglocker/vendor/laravel/framework/src/Illuminate/Foundation/Application.php(641): Stack\StackedHttpKernel->handle(Object(Illuminate\Http\Request))
#20 /Library/WebServer/Documents/learninglocker/public/index.php(49): Illuminate\Foundation\Application->run()
#21 {main} [] []
